----------

Sun Oct 02 2022 16:08:07 GMT+0200 (Central European Summer Time)

fatal: helper error (-1): User cancelled dialog.


----------

Sun Oct 02 2022 16:08:08 GMT+0200 (Central European Summer Time)

bash: line 1: /dev/tty: No such device or address


----------

Sun Oct 02 2022 16:08:08 GMT+0200 (Central European Summer Time)

error: failed to execute prompt script (exit code 1)
fatal: could not read Username for 'https://github.com': No such file or directory


----------

Sun Oct 02 2022 16:08:36 GMT+0200 (Central European Summer Time)

warning: in the working copy of 'assets/bootstrap/css/bootstrap.min.css', LF will be replaced by CRLF the next time Git touches it


----------

Sun Oct 02 2022 16:08:36 GMT+0200 (Central European Summer Time)

warning: in the working copy of 'assets/bootstrap/js/bootstrap.min.js', LF will be replaced by CRLF the next time Git touches it


----------

Sun Oct 02 2022 16:08:36 GMT+0200 (Central European Summer Time)

warning: in the working copy of 'assets/fonts/font-awesome.min.css', LF will be replaced by CRLF the next time Git touches it


----------

Sun Oct 02 2022 16:08:36 GMT+0200 (Central European Summer Time)

warning: in the working copy of 'assets/fonts/fontawesome-webfont.svg', LF will be replaced by CRLF the next time Git touches it


----------

Sun Oct 02 2022 16:08:36 GMT+0200 (Central European Summer Time)

warning: in the working copy of 'assets/js/script.min.js', LF will be replaced by CRLF the next time Git touches it


----------

Sun Oct 02 2022 16:08:36 GMT+0200 (Central European Summer Time)

warning: in the working copy of 'error.log', LF will be replaced by CRLF the next time Git touches it


----------

Sun Oct 02 2022 16:08:43 GMT+0200 (Central European Summer Time)

To https://github.com/Cheaterraptor/portfolioWebsite.git
   99b637c..73cd4c2  main -> main


----------

Sun Oct 02 2022 16:08:59 GMT+0200 (Central European Summer Time)

warning: in the working copy of 'assets/bootstrap/css/bootstrap.min.css', LF will be replaced by CRLF the next time Git touches it


----------

Sun Oct 02 2022 16:08:59 GMT+0200 (Central European Summer Time)

warning: in the working copy of 'assets/bootstrap/js/bootstrap.min.js', LF will be replaced by CRLF the next time Git touches it


----------

Sun Oct 02 2022 16:08:59 GMT+0200 (Central European Summer Time)

warning: in the working copy of 'assets/fonts/font-awesome.min.css', LF will be replaced by CRLF the next time Git touches it


----------

Sun Oct 02 2022 16:08:59 GMT+0200 (Central European Summer Time)

warning: in the working copy of 'assets/fonts/fontawesome-webfont.svg', LF will be replaced by CRLF the next time Git touches it


----------

Sun Oct 02 2022 16:08:59 GMT+0200 (Central European Summer Time)

warning: in the working copy of 'assets/js/script.min.js', LF will be replaced by CRLF the next time Git touches it


----------

Sun Oct 02 2022 16:08:59 GMT+0200 (Central European Summer Time)

warning: in the working copy of 'error.log', LF will be replaced by CRLF the next time Git touches it


----------

Sun Oct 02 2022 16:09:02 GMT+0200 (Central European Summer Time)

To https://github.com/Cheaterraptor/portfolioWebsite.git
   73cd4c2..9618dcd  main -> main


----------

Sun Oct 02 2022 16:15:25 GMT+0200 (Central European Summer Time)

warning: in the working copy of 'assets/bootstrap/css/bootstrap.min.css', LF will be replaced by CRLF the next time Git touches it


----------

Sun Oct 02 2022 16:15:25 GMT+0200 (Central European Summer Time)

warning: in the working copy of 'assets/bootstrap/js/bootstrap.min.js', LF will be replaced by CRLF the next time Git touches it


----------

Sun Oct 02 2022 16:15:25 GMT+0200 (Central European Summer Time)

warning: in the working copy of 'assets/fonts/font-awesome.min.css', LF will be replaced by CRLF the next time Git touches it


----------

Sun Oct 02 2022 16:15:25 GMT+0200 (Central European Summer Time)

warning: in the working copy of 'assets/fonts/fontawesome-webfont.svg', LF will be replaced by CRLF the next time Git touches it


----------

Sun Oct 02 2022 16:15:25 GMT+0200 (Central European Summer Time)

warning: in the working copy of 'assets/js/script.min.js', LF will be replaced by CRLF the next time Git touches it


----------

Sun Oct 02 2022 16:15:25 GMT+0200 (Central European Summer Time)

warning: in the working copy of 'error.log', LF will be replaced by CRLF the next time Git touches it


----------

Sun Oct 02 2022 16:15:27 GMT+0200 (Central European Summer Time)

To https://github.com/Cheaterraptor/portfolioWebsite.git
   9618dcd..92c7e78  main -> main


----------

Sun Oct 02 2022 17:27:27 GMT+0200 (Central European Summer Time)

warning: in the working copy of 'assets/bootstrap/css/bootstrap.min.css', LF will be replaced by CRLF the next time Git touches it


----------

Sun Oct 02 2022 17:27:27 GMT+0200 (Central European Summer Time)

warning: in the working copy of 'assets/bootstrap/js/bootstrap.min.js', LF will be replaced by CRLF the next time Git touches it


----------

Sun Oct 02 2022 17:27:27 GMT+0200 (Central European Summer Time)

warning: in the working copy of 'assets/fonts/font-awesome.min.css', LF will be replaced by CRLF the next time Git touches it


----------

Sun Oct 02 2022 17:27:27 GMT+0200 (Central European Summer Time)

warning: in the working copy of 'assets/fonts/fontawesome-webfont.svg', LF will be replaced by CRLF the next time Git touches it


----------

Sun Oct 02 2022 17:27:27 GMT+0200 (Central European Summer Time)

warning: in the working copy of 'assets/js/script.min.js', LF will be replaced by CRLF the next time Git touches it


----------

Sun Oct 02 2022 17:27:27 GMT+0200 (Central European Summer Time)

warning: in the working copy of 'error.log', LF will be replaced by CRLF the next time Git touches it


----------

Sun Oct 02 2022 17:27:29 GMT+0200 (Central European Summer Time)

To https://github.com/Cheaterraptor/portfolioWebsite.git
   92c7e78..4f3e07c  main -> main


----------

Fri Oct 07 2022 11:44:14 GMT+0200 (Central European Summer Time)

warning: in the working copy of 'assets/bootstrap/css/bootstrap.min.css', LF will be replaced by CRLF the next time Git touches it


----------

Fri Oct 07 2022 11:44:14 GMT+0200 (Central European Summer Time)

warning: in the working copy of 'assets/bootstrap/js/bootstrap.min.js', LF will be replaced by CRLF the next time Git touches it


----------

Fri Oct 07 2022 11:44:14 GMT+0200 (Central European Summer Time)

warning: in the working copy of 'assets/fonts/font-awesome.min.css', LF will be replaced by CRLF the next time Git touches it


----------

Fri Oct 07 2022 11:44:14 GMT+0200 (Central European Summer Time)

warning: in the working copy of 'assets/fonts/fontawesome-webfont.svg', LF will be replaced by CRLF the next time Git touches it


----------

Fri Oct 07 2022 11:44:14 GMT+0200 (Central European Summer Time)

warning: in the working copy of 'assets/js/script.min.js', LF will be replaced by CRLF the next time Git touches it


----------

Fri Oct 07 2022 11:44:14 GMT+0200 (Central European Summer Time)

warning: in the working copy of 'error.log', LF will be replaced by CRLF the next time Git touches it


----------

Fri Oct 07 2022 11:44:18 GMT+0200 (Central European Summer Time)

To https://github.com/Cheaterraptor/portfolioWebsite.git
   4f3e07c..5ee4a6f  main -> main


----------

Fri Oct 07 2022 13:36:05 GMT+0200 (Central European Summer Time)

warning: in the working copy of 'assets/bootstrap/css/bootstrap.min.css', LF will be replaced by CRLF the next time Git touches it


----------

Fri Oct 07 2022 13:36:05 GMT+0200 (Central European Summer Time)

warning: in the working copy of 'assets/bootstrap/js/bootstrap.min.js', LF will be replaced by CRLF the next time Git touches it


----------

Fri Oct 07 2022 13:36:05 GMT+0200 (Central European Summer Time)

warning: in the working copy of 'assets/fonts/font-awesome.min.css', LF will be replaced by CRLF the next time Git touches it


----------

Fri Oct 07 2022 13:36:05 GMT+0200 (Central European Summer Time)

warning: in the working copy of 'assets/fonts/fontawesome-webfont.svg', LF will be replaced by CRLF the next time Git touches it


----------

Fri Oct 07 2022 13:36:05 GMT+0200 (Central European Summer Time)

warning: in the working copy of 'assets/js/script.min.js', LF will be replaced by CRLF the next time Git touches it


----------

Fri Oct 07 2022 13:36:05 GMT+0200 (Central European Summer Time)

warning: in the working copy of 'error.log', LF will be replaced by CRLF the next time Git touches it


